[INFO]-2022-08-10 15:03:18.009346 Starting httpd...

[INFO]-2022-08-10 15:03:22.110804 GET request,
Path: /
Headers:
Host: localhost:8080
Connection: keep-alive
Cache-Control: max-age=0
sec-ch-ua: "Chromium";v="104", " Not A;Brand";v="99", "Microsoft Edge";v="104"
sec-ch-ua-mobile: ?0
sec-ch-ua-platform: "Windows"
Upgrade-Insecure-Requests: 1
User-Agent: Mozilla/5.0 (Windows NT 10.0; Win64; x64) AppleWebKit/537.36 (KHTML, like Gecko) Chrome/104.0.5112.81 Safari/537.36 Edg/104.0.1293.47
Accept: text/html,application/xhtml+xml,application/xml;q=0.9,image/webp,image/apng,*/*;q=0.8,application/signed-exchange;v=b3;q=0.9
Sec-Fetch-Site: none
Sec-Fetch-Mode: navigate
Sec-Fetch-User: ?1
Sec-Fetch-Dest: document
Accept-Encoding: gzip, deflate, br
Accept-Language: es-419,es;q=0.9,es-ES;q=0.8,en;q=0.7,en-GB;q=0.6,en-US;q=0.5



[INFO]-2022-08-10 15:03:22.226006 GET request,
Path: /favicon.ico
Headers:
Host: localhost:8080
Connection: keep-alive
sec-ch-ua: "Chromium";v="104", " Not A;Brand";v="99", "Microsoft Edge";v="104"
sec-ch-ua-mobile: ?0
User-Agent: Mozilla/5.0 (Windows NT 10.0; Win64; x64) AppleWebKit/537.36 (KHTML, like Gecko) Chrome/104.0.5112.81 Safari/537.36 Edg/104.0.1293.47
sec-ch-ua-platform: "Windows"
Accept: image/webp,image/apng,image/svg+xml,image/*,*/*;q=0.8
Sec-Fetch-Site: same-origin
Sec-Fetch-Mode: no-cors
Sec-Fetch-Dest: image
Referer: http://localhost:8080/
Accept-Encoding: gzip, deflate, br
Accept-Language: es-419,es;q=0.9,es-ES;q=0.8,en;q=0.7,en-GB;q=0.6,en-US;q=0.5



[INFO]-2022-08-10 15:03:24.218796 GET request,
Path: /
Headers:
Host: localhost:8080
Connection: keep-alive
Cache-Control: max-age=0
sec-ch-ua: "Chromium";v="104", " Not A;Brand";v="99", "Microsoft Edge";v="104"
sec-ch-ua-mobile: ?0
sec-ch-ua-platform: "Windows"
Upgrade-Insecure-Requests: 1
User-Agent: Mozilla/5.0 (Windows NT 10.0; Win64; x64) AppleWebKit/537.36 (KHTML, like Gecko) Chrome/104.0.5112.81 Safari/537.36 Edg/104.0.1293.47
Accept: text/html,application/xhtml+xml,application/xml;q=0.9,image/webp,image/apng,*/*;q=0.8,application/signed-exchange;v=b3;q=0.9
Sec-Fetch-Site: none
Sec-Fetch-Mode: navigate
Sec-Fetch-User: ?1
Sec-Fetch-Dest: document
Accept-Encoding: gzip, deflate, br
Accept-Language: es-419,es;q=0.9,es-ES;q=0.8,en;q=0.7,en-GB;q=0.6,en-US;q=0.5



[INFO]-2022-08-10 15:03:24.533209 GET request,
Path: /favicon.ico
Headers:
Host: localhost:8080
Connection: keep-alive
sec-ch-ua: "Chromium";v="104", " Not A;Brand";v="99", "Microsoft Edge";v="104"
sec-ch-ua-mobile: ?0
User-Agent: Mozilla/5.0 (Windows NT 10.0; Win64; x64) AppleWebKit/537.36 (KHTML, like Gecko) Chrome/104.0.5112.81 Safari/537.36 Edg/104.0.1293.47
sec-ch-ua-platform: "Windows"
Accept: image/webp,image/apng,image/svg+xml,image/*,*/*;q=0.8
Sec-Fetch-Site: same-origin
Sec-Fetch-Mode: no-cors
Sec-Fetch-Dest: image
Referer: http://localhost:8080/
Accept-Encoding: gzip, deflate, br
Accept-Language: es-419,es;q=0.9,es-ES;q=0.8,en;q=0.7,en-GB;q=0.6,en-US;q=0.5



[INFO]-2022-08-10 15:05:19.046953 Stopping httpd...

[INFO]-2022-08-10 15:05:20.685946 Starting httpd...

[INFO]-2022-08-10 15:05:22.888683 GET request,
Path: /
Headers:
Host: localhost:8080
Connection: keep-alive
Cache-Control: max-age=0
sec-ch-ua: "Chromium";v="104", " Not A;Brand";v="99", "Microsoft Edge";v="104"
sec-ch-ua-mobile: ?0
sec-ch-ua-platform: "Windows"
Upgrade-Insecure-Requests: 1
User-Agent: Mozilla/5.0 (Windows NT 10.0; Win64; x64) AppleWebKit/537.36 (KHTML, like Gecko) Chrome/104.0.5112.81 Safari/537.36 Edg/104.0.1293.47
Accept: text/html,application/xhtml+xml,application/xml;q=0.9,image/webp,image/apng,*/*;q=0.8,application/signed-exchange;v=b3;q=0.9
Sec-Fetch-Site: none
Sec-Fetch-Mode: navigate
Sec-Fetch-User: ?1
Sec-Fetch-Dest: document
Accept-Encoding: gzip, deflate, br
Accept-Language: es-419,es;q=0.9,es-ES;q=0.8,en;q=0.7,en-GB;q=0.6,en-US;q=0.5



[INFO]-2022-08-10 15:05:22.957709 GET request,
Path: /favicon.ico
Headers:
Host: localhost:8080
Connection: keep-alive
sec-ch-ua: "Chromium";v="104", " Not A;Brand";v="99", "Microsoft Edge";v="104"
sec-ch-ua-mobile: ?0
User-Agent: Mozilla/5.0 (Windows NT 10.0; Win64; x64) AppleWebKit/537.36 (KHTML, like Gecko) Chrome/104.0.5112.81 Safari/537.36 Edg/104.0.1293.47
sec-ch-ua-platform: "Windows"
Accept: image/webp,image/apng,image/svg+xml,image/*,*/*;q=0.8
Sec-Fetch-Site: same-origin
Sec-Fetch-Mode: no-cors
Sec-Fetch-Dest: image
Referer: http://localhost:8080/
Accept-Encoding: gzip, deflate, br
Accept-Language: es-419,es;q=0.9,es-ES;q=0.8,en;q=0.7,en-GB;q=0.6,en-US;q=0.5



[INFO]-2022-08-10 15:06:00.346558 Stopping httpd...

[INFO]-2022-08-10 15:06:01.249038 Starting httpd...

[INFO]-2022-08-10 15:06:03.455697 GET request,
Path: /
Headers:
Host: localhost:8080
Connection: keep-alive
Cache-Control: max-age=0
sec-ch-ua: "Chromium";v="104", " Not A;Brand";v="99", "Microsoft Edge";v="104"
sec-ch-ua-mobile: ?0
sec-ch-ua-platform: "Windows"
Upgrade-Insecure-Requests: 1
User-Agent: Mozilla/5.0 (Windows NT 10.0; Win64; x64) AppleWebKit/537.36 (KHTML, like Gecko) Chrome/104.0.5112.81 Safari/537.36 Edg/104.0.1293.47
Accept: text/html,application/xhtml+xml,application/xml;q=0.9,image/webp,image/apng,*/*;q=0.8,application/signed-exchange;v=b3;q=0.9
Sec-Fetch-Site: none
Sec-Fetch-Mode: navigate
Sec-Fetch-User: ?1
Sec-Fetch-Dest: document
Accept-Encoding: gzip, deflate, br
Accept-Language: es-419,es;q=0.9,es-ES;q=0.8,en;q=0.7,en-GB;q=0.6,en-US;q=0.5



[INFO]-2022-08-10 15:06:03.526465 GET request,
Path: /favicon.ico
Headers:
Host: localhost:8080
Connection: keep-alive
sec-ch-ua: "Chromium";v="104", " Not A;Brand";v="99", "Microsoft Edge";v="104"
sec-ch-ua-mobile: ?0
User-Agent: Mozilla/5.0 (Windows NT 10.0; Win64; x64) AppleWebKit/537.36 (KHTML, like Gecko) Chrome/104.0.5112.81 Safari/537.36 Edg/104.0.1293.47
sec-ch-ua-platform: "Windows"
Accept: image/webp,image/apng,image/svg+xml,image/*,*/*;q=0.8
Sec-Fetch-Site: same-origin
Sec-Fetch-Mode: no-cors
Sec-Fetch-Dest: image
Referer: http://localhost:8080/
Accept-Encoding: gzip, deflate, br
Accept-Language: es-419,es;q=0.9,es-ES;q=0.8,en;q=0.7,en-GB;q=0.6,en-US;q=0.5



[INFO]-2022-08-10 15:36:01.658300 Stopping httpd...

[INFO]-2022-08-10 15:36:02.555061 Starting httpd...

[INFO]-2022-08-10 15:36:20.980320 GET request,
Path: /
Headers:
Host: localhost:8080
Connection: keep-alive
Cache-Control: max-age=0
sec-ch-ua: "Chromium";v="104", " Not A;Brand";v="99", "Microsoft Edge";v="104"
sec-ch-ua-mobile: ?0
sec-ch-ua-platform: "Windows"
Upgrade-Insecure-Requests: 1
User-Agent: Mozilla/5.0 (Windows NT 10.0; Win64; x64) AppleWebKit/537.36 (KHTML, like Gecko) Chrome/104.0.5112.81 Safari/537.36 Edg/104.0.1293.47
Accept: text/html,application/xhtml+xml,application/xml;q=0.9,image/webp,image/apng,*/*;q=0.8,application/signed-exchange;v=b3;q=0.9
Sec-Fetch-Site: none
Sec-Fetch-Mode: navigate
Sec-Fetch-User: ?1
Sec-Fetch-Dest: document
Accept-Encoding: gzip, deflate, br
Accept-Language: es-419,es;q=0.9,es-ES;q=0.8,en;q=0.7,en-GB;q=0.6,en-US;q=0.5



[INFO]-2022-08-10 15:36:20.983235 GET request,
Path: /
Headers:
Host: localhost:8080
Connection: keep-alive
Cache-Control: max-age=0
sec-ch-ua: "Chromium";v="104", " Not A;Brand";v="99", "Microsoft Edge";v="104"
sec-ch-ua-mobile: ?0
sec-ch-ua-platform: "Windows"
Upgrade-Insecure-Requests: 1
User-Agent: Mozilla/5.0 (Windows NT 10.0; Win64; x64) AppleWebKit/537.36 (KHTML, like Gecko) Chrome/104.0.5112.81 Safari/537.36 Edg/104.0.1293.47
Accept: text/html,application/xhtml+xml,application/xml;q=0.9,image/webp,image/apng,*/*;q=0.8,application/signed-exchange;v=b3;q=0.9
Sec-Fetch-Site: none
Sec-Fetch-Mode: navigate
Sec-Fetch-User: ?1
Sec-Fetch-Dest: document
Accept-Encoding: gzip, deflate, br
Accept-Language: es-419,es;q=0.9,es-ES;q=0.8,en;q=0.7,en-GB;q=0.6,en-US;q=0.5



[INFO]-2022-08-10 15:36:21.043763 GET request,
Path: /favicon.ico
Headers:
Host: localhost:8080
Connection: keep-alive
sec-ch-ua: "Chromium";v="104", " Not A;Brand";v="99", "Microsoft Edge";v="104"
sec-ch-ua-mobile: ?0
User-Agent: Mozilla/5.0 (Windows NT 10.0; Win64; x64) AppleWebKit/537.36 (KHTML, like Gecko) Chrome/104.0.5112.81 Safari/537.36 Edg/104.0.1293.47
sec-ch-ua-platform: "Windows"
Accept: image/webp,image/apng,image/svg+xml,image/*,*/*;q=0.8
Sec-Fetch-Site: same-origin
Sec-Fetch-Mode: no-cors
Sec-Fetch-Dest: image
Referer: http://localhost:8080/
Accept-Encoding: gzip, deflate, br
Accept-Language: es-419,es;q=0.9,es-ES;q=0.8,en;q=0.7,en-GB;q=0.6,en-US;q=0.5



[INFO]-2022-08-10 15:36:23.191995 GET request,
Path: /
Headers:
Host: localhost:8080
Connection: keep-alive
Cache-Control: max-age=0
sec-ch-ua: "Chromium";v="104", " Not A;Brand";v="99", "Microsoft Edge";v="104"
sec-ch-ua-mobile: ?0
sec-ch-ua-platform: "Windows"
Upgrade-Insecure-Requests: 1
User-Agent: Mozilla/5.0 (Windows NT 10.0; Win64; x64) AppleWebKit/537.36 (KHTML, like Gecko) Chrome/104.0.5112.81 Safari/537.36 Edg/104.0.1293.47
Accept: text/html,application/xhtml+xml,application/xml;q=0.9,image/webp,image/apng,*/*;q=0.8,application/signed-exchange;v=b3;q=0.9
Sec-Fetch-Site: none
Sec-Fetch-Mode: navigate
Sec-Fetch-User: ?1
Sec-Fetch-Dest: document
Accept-Encoding: gzip, deflate, br
Accept-Language: es-419,es;q=0.9,es-ES;q=0.8,en;q=0.7,en-GB;q=0.6,en-US;q=0.5



[INFO]-2022-08-10 15:36:23.249817 GET request,
Path: /favicon.ico
Headers:
Host: localhost:8080
Connection: keep-alive
sec-ch-ua: "Chromium";v="104", " Not A;Brand";v="99", "Microsoft Edge";v="104"
sec-ch-ua-mobile: ?0
User-Agent: Mozilla/5.0 (Windows NT 10.0; Win64; x64) AppleWebKit/537.36 (KHTML, like Gecko) Chrome/104.0.5112.81 Safari/537.36 Edg/104.0.1293.47
sec-ch-ua-platform: "Windows"
Accept: image/webp,image/apng,image/svg+xml,image/*,*/*;q=0.8
Sec-Fetch-Site: same-origin
Sec-Fetch-Mode: no-cors
Sec-Fetch-Dest: image
Referer: http://localhost:8080/
Accept-Encoding: gzip, deflate, br
Accept-Language: es-419,es;q=0.9,es-ES;q=0.8,en;q=0.7,en-GB;q=0.6,en-US;q=0.5



[INFO]-2022-08-10 15:37:50.217307 Stopping httpd...

[INFO]-2022-08-10 15:37:51.097132 Starting httpd...

[INFO]-2022-08-10 15:37:53.171147 GET request,
Path: /
Headers:
Host: localhost:8080
Connection: keep-alive
Cache-Control: max-age=0
sec-ch-ua: "Chromium";v="104", " Not A;Brand";v="99", "Microsoft Edge";v="104"
sec-ch-ua-mobile: ?0
sec-ch-ua-platform: "Windows"
Upgrade-Insecure-Requests: 1
User-Agent: Mozilla/5.0 (Windows NT 10.0; Win64; x64) AppleWebKit/537.36 (KHTML, like Gecko) Chrome/104.0.5112.81 Safari/537.36 Edg/104.0.1293.47
Accept: text/html,application/xhtml+xml,application/xml;q=0.9,image/webp,image/apng,*/*;q=0.8,application/signed-exchange;v=b3;q=0.9
Sec-Fetch-Site: none
Sec-Fetch-Mode: navigate
Sec-Fetch-User: ?1
Sec-Fetch-Dest: document
Accept-Encoding: gzip, deflate, br
Accept-Language: es-419,es;q=0.9,es-ES;q=0.8,en;q=0.7,en-GB;q=0.6,en-US;q=0.5



[INFO]-2022-08-10 15:37:53.297070 GET request,
Path: /favicon.ico
Headers:
Host: localhost:8080
Connection: keep-alive
sec-ch-ua: "Chromium";v="104", " Not A;Brand";v="99", "Microsoft Edge";v="104"
sec-ch-ua-mobile: ?0
User-Agent: Mozilla/5.0 (Windows NT 10.0; Win64; x64) AppleWebKit/537.36 (KHTML, like Gecko) Chrome/104.0.5112.81 Safari/537.36 Edg/104.0.1293.47
sec-ch-ua-platform: "Windows"
Accept: image/webp,image/apng,image/svg+xml,image/*,*/*;q=0.8
Sec-Fetch-Site: same-origin
Sec-Fetch-Mode: no-cors
Sec-Fetch-Dest: image
Referer: http://localhost:8080/
Accept-Encoding: gzip, deflate, br
Accept-Language: es-419,es;q=0.9,es-ES;q=0.8,en;q=0.7,en-GB;q=0.6,en-US;q=0.5



[INFO]-2022-08-10 15:38:58.932081 Stopping httpd...

[INFO]-2022-08-10 15:39:00.157379 Starting httpd...

[INFO]-2022-08-10 15:39:02.480654 GET request,
Path: /
Headers:
Host: localhost:8080
Connection: keep-alive
Cache-Control: max-age=0
sec-ch-ua: "Chromium";v="104", " Not A;Brand";v="99", "Microsoft Edge";v="104"
sec-ch-ua-mobile: ?0
sec-ch-ua-platform: "Windows"
Upgrade-Insecure-Requests: 1
User-Agent: Mozilla/5.0 (Windows NT 10.0; Win64; x64) AppleWebKit/537.36 (KHTML, like Gecko) Chrome/104.0.5112.81 Safari/537.36 Edg/104.0.1293.47
Accept: text/html,application/xhtml+xml,application/xml;q=0.9,image/webp,image/apng,*/*;q=0.8,application/signed-exchange;v=b3;q=0.9
Sec-Fetch-Site: none
Sec-Fetch-Mode: navigate
Sec-Fetch-User: ?1
Sec-Fetch-Dest: document
Accept-Encoding: gzip, deflate, br
Accept-Language: es-419,es;q=0.9,es-ES;q=0.8,en;q=0.7,en-GB;q=0.6,en-US;q=0.5



[INFO]-2022-08-10 15:39:02.612304 GET request,
Path: /favicon.ico
Headers:
Host: localhost:8080
Connection: keep-alive
sec-ch-ua: "Chromium";v="104", " Not A;Brand";v="99", "Microsoft Edge";v="104"
sec-ch-ua-mobile: ?0
User-Agent: Mozilla/5.0 (Windows NT 10.0; Win64; x64) AppleWebKit/537.36 (KHTML, like Gecko) Chrome/104.0.5112.81 Safari/537.36 Edg/104.0.1293.47
sec-ch-ua-platform: "Windows"
Accept: image/webp,image/apng,image/svg+xml,image/*,*/*;q=0.8
Sec-Fetch-Site: same-origin
Sec-Fetch-Mode: no-cors
Sec-Fetch-Dest: image
Referer: http://localhost:8080/
Accept-Encoding: gzip, deflate, br
Accept-Language: es-419,es;q=0.9,es-ES;q=0.8,en;q=0.7,en-GB;q=0.6,en-US;q=0.5



[INFO]-2022-08-10 15:39:05.852700 GET request,
Path: /
Headers:
Host: localhost:8080
Connection: keep-alive
Cache-Control: max-age=0
sec-ch-ua: "Chromium";v="104", " Not A;Brand";v="99", "Microsoft Edge";v="104"
sec-ch-ua-mobile: ?0
sec-ch-ua-platform: "Windows"
Upgrade-Insecure-Requests: 1
User-Agent: Mozilla/5.0 (Windows NT 10.0; Win64; x64) AppleWebKit/537.36 (KHTML, like Gecko) Chrome/104.0.5112.81 Safari/537.36 Edg/104.0.1293.47
Accept: text/html,application/xhtml+xml,application/xml;q=0.9,image/webp,image/apng,*/*;q=0.8,application/signed-exchange;v=b3;q=0.9
Sec-Fetch-Site: none
Sec-Fetch-Mode: navigate
Sec-Fetch-User: ?1
Sec-Fetch-Dest: document
Accept-Encoding: gzip, deflate, br
Accept-Language: es-419,es;q=0.9,es-ES;q=0.8,en;q=0.7,en-GB;q=0.6,en-US;q=0.5



[INFO]-2022-08-10 15:39:06.156388 GET request,
Path: /favicon.ico
Headers:
Host: localhost:8080
Connection: keep-alive
sec-ch-ua: "Chromium";v="104", " Not A;Brand";v="99", "Microsoft Edge";v="104"
sec-ch-ua-mobile: ?0
User-Agent: Mozilla/5.0 (Windows NT 10.0; Win64; x64) AppleWebKit/537.36 (KHTML, like Gecko) Chrome/104.0.5112.81 Safari/537.36 Edg/104.0.1293.47
sec-ch-ua-platform: "Windows"
Accept: image/webp,image/apng,image/svg+xml,image/*,*/*;q=0.8
Sec-Fetch-Site: same-origin
Sec-Fetch-Mode: no-cors
Sec-Fetch-Dest: image
Referer: http://localhost:8080/
Accept-Encoding: gzip, deflate, br
Accept-Language: es-419,es;q=0.9,es-ES;q=0.8,en;q=0.7,en-GB;q=0.6,en-US;q=0.5



[INFO]-2022-08-10 15:40:20.882401 Stopping httpd...

[INFO]-2022-08-10 15:40:21.707639 Starting httpd...

[INFO]-2022-08-10 15:40:23.954221 GET request,
Path: /
Headers:
Host: localhost:8080
Connection: keep-alive
Cache-Control: max-age=0
sec-ch-ua: "Chromium";v="104", " Not A;Brand";v="99", "Microsoft Edge";v="104"
sec-ch-ua-mobile: ?0
sec-ch-ua-platform: "Windows"
Upgrade-Insecure-Requests: 1
User-Agent: Mozilla/5.0 (Windows NT 10.0; Win64; x64) AppleWebKit/537.36 (KHTML, like Gecko) Chrome/104.0.5112.81 Safari/537.36 Edg/104.0.1293.47
Accept: text/html,application/xhtml+xml,application/xml;q=0.9,image/webp,image/apng,*/*;q=0.8,application/signed-exchange;v=b3;q=0.9
Sec-Fetch-Site: none
Sec-Fetch-Mode: navigate
Sec-Fetch-User: ?1
Sec-Fetch-Dest: document
Accept-Encoding: gzip, deflate, br
Accept-Language: es-419,es;q=0.9,es-ES;q=0.8,en;q=0.7,en-GB;q=0.6,en-US;q=0.5



[INFO]-2022-08-10 15:40:24.052849 GET request,
Path: /favicon.ico
Headers:
Host: localhost:8080
Connection: keep-alive
sec-ch-ua: "Chromium";v="104", " Not A;Brand";v="99", "Microsoft Edge";v="104"
sec-ch-ua-mobile: ?0
User-Agent: Mozilla/5.0 (Windows NT 10.0; Win64; x64) AppleWebKit/537.36 (KHTML, like Gecko) Chrome/104.0.5112.81 Safari/537.36 Edg/104.0.1293.47
sec-ch-ua-platform: "Windows"
Accept: image/webp,image/apng,image/svg+xml,image/*,*/*;q=0.8
Sec-Fetch-Site: same-origin
Sec-Fetch-Mode: no-cors
Sec-Fetch-Dest: image
Referer: http://localhost:8080/
Accept-Encoding: gzip, deflate, br
Accept-Language: es-419,es;q=0.9,es-ES;q=0.8,en;q=0.7,en-GB;q=0.6,en-US;q=0.5



[INFO]-2022-08-10 15:47:57.142315 Stopping httpd...

[INFO]-2022-08-10 15:47:58.006543 Starting httpd...

[INFO]-2022-08-10 15:48:01.090064 GET request,
Path: /
Headers:
Host: localhost:8080
Connection: keep-alive
Cache-Control: max-age=0
sec-ch-ua: "Chromium";v="104", " Not A;Brand";v="99", "Microsoft Edge";v="104"
sec-ch-ua-mobile: ?0
sec-ch-ua-platform: "Windows"
Upgrade-Insecure-Requests: 1
User-Agent: Mozilla/5.0 (Windows NT 10.0; Win64; x64) AppleWebKit/537.36 (KHTML, like Gecko) Chrome/104.0.5112.81 Safari/537.36 Edg/104.0.1293.47
Accept: text/html,application/xhtml+xml,application/xml;q=0.9,image/webp,image/apng,*/*;q=0.8,application/signed-exchange;v=b3;q=0.9
Sec-Fetch-Site: none
Sec-Fetch-Mode: navigate
Sec-Fetch-User: ?1
Sec-Fetch-Dest: document
Accept-Encoding: gzip, deflate, br
Accept-Language: es-419,es;q=0.9,es-ES;q=0.8,en;q=0.7,en-GB;q=0.6,en-US;q=0.5



[INFO]-2022-08-10 15:48:01.208450 GET request,
Path: /favicon.ico
Headers:
Host: localhost:8080
Connection: keep-alive
sec-ch-ua: "Chromium";v="104", " Not A;Brand";v="99", "Microsoft Edge";v="104"
sec-ch-ua-mobile: ?0
User-Agent: Mozilla/5.0 (Windows NT 10.0; Win64; x64) AppleWebKit/537.36 (KHTML, like Gecko) Chrome/104.0.5112.81 Safari/537.36 Edg/104.0.1293.47
sec-ch-ua-platform: "Windows"
Accept: image/webp,image/apng,image/svg+xml,image/*,*/*;q=0.8
Sec-Fetch-Site: same-origin
Sec-Fetch-Mode: no-cors
Sec-Fetch-Dest: image
Referer: http://localhost:8080/
Accept-Encoding: gzip, deflate, br
Accept-Language: es-419,es;q=0.9,es-ES;q=0.8,en;q=0.7,en-GB;q=0.6,en-US;q=0.5



[INFO]-2022-08-10 15:50:59.630291 Stopping httpd...

